{
  "stats": {
    "suites": 1,
    "tests": 6,
    "passes": 6,
    "pending": 0,
    "failures": 0,
    "start": "2024-08-05T03:26:08.185Z",
    "end": "2024-08-05T03:26:19.456Z",
    "duration": 11271,
    "testsRegistered": 6,
    "passPercent": 100,
    "pendingPercent": 0,
    "other": 0,
    "hasOther": false,
    "skipped": 0,
    "hasSkipped": false
  },
  "results": [
    {
      "uuid": "38609204-f003-4b05-98d2-c43e114b6990",
      "title": "",
      "fullFile": "cypress/e2e/loginTest.spec.ts",
      "file": "cypress/e2e/loginTest.spec.ts",
      "beforeHooks": [],
      "afterHooks": [],
      "tests": [],
      "suites": [
        {
          "uuid": "ad43fdef-de60-4101-b49a-d343833cb24f",
          "title": "Login Page Test",
          "fullFile": "",
          "file": "",
          "beforeHooks": [],
          "afterHooks": [],
          "tests": [
            {
              "title": "verify elements on page",
              "fullTitle": "Login Page Test verify elements on page",
              "timedOut": null,
              "duration": 456,
              "state": "passed",
              "speed": "fast",
              "pass": true,
              "fail": false,
              "pending": false,
              "context": null,
              "code": "//here should check for pass and login for smoke\nloginSteps.getUserNameField().should('be.visible');",
              "err": {},
              "uuid": "60b01d34-0f69-407d-949c-0b9069911f0c",
              "parentUUID": "ad43fdef-de60-4101-b49a-d343833cb24f",
              "isHook": false,
              "skipped": false
            },
            {
              "title": "as locked_out_user I should get a error message ",
              "fullTitle": "Login Page Test as locked_out_user I should get a error message ",
              "timedOut": null,
              "duration": 913,
              "state": "passed",
              "speed": "fast",
              "pass": true,
              "fail": false,
              "pending": false,
              "context": null,
              "code": "loginSteps.logIn('locked_out_user', 'secret_sauce');\nloginSteps.getErrorMessage()\n    .should('have.text', 'Epic sadface: Sorry, this user has been locked out.');",
              "err": {},
              "uuid": "389eb289-8fdd-4d1f-ad48-3a3f975542f8",
              "parentUUID": "ad43fdef-de60-4101-b49a-d343833cb24f",
              "isHook": false,
              "skipped": false
            },
            {
              "title": "as standard_user with secret_sauce I should be able to login ",
              "fullTitle": "Login Page Test as standard_user with secret_sauce I should be able to login ",
              "timedOut": null,
              "duration": 1010,
              "state": "passed",
              "speed": "fast",
              "pass": true,
              "fail": false,
              "pending": false,
              "context": null,
              "code": "loginSteps.logIn(user, password);\nproductSteps.getProductLabel()\n    .should('be.visible')\n    .and('have.text', 'Products');",
              "err": {},
              "uuid": "97523d9e-ed58-41ed-99b3-4184572489b5",
              "parentUUID": "ad43fdef-de60-4101-b49a-d343833cb24f",
              "isHook": false,
              "skipped": false
            },
            {
              "title": "as problem_user with secret_sauce I should be able to login ",
              "fullTitle": "Login Page Test as problem_user with secret_sauce I should be able to login ",
              "timedOut": null,
              "duration": 846,
              "state": "passed",
              "speed": "fast",
              "pass": true,
              "fail": false,
              "pending": false,
              "context": null,
              "code": "loginSteps.logIn(user, password);\nproductSteps.getProductLabel()\n    .should('be.visible')\n    .and('have.text', 'Products');",
              "err": {},
              "uuid": "97b9c9f1-b7b2-4adc-8618-40b2f28461c6",
              "parentUUID": "ad43fdef-de60-4101-b49a-d343833cb24f",
              "isHook": false,
              "skipped": false
            },
            {
              "title": "as performance_glitch_user with secret_sauce I should be able to login ",
              "fullTitle": "Login Page Test as performance_glitch_user with secret_sauce I should be able to login ",
              "timedOut": null,
              "duration": 5961,
              "state": "passed",
              "speed": "medium",
              "pass": true,
              "fail": false,
              "pending": false,
              "context": null,
              "code": "loginSteps.logIn(user, password);\nproductSteps.getProductLabel()\n    .should('be.visible')\n    .and('have.text', 'Products');",
              "err": {},
              "uuid": "c2d2218d-d03e-4aa4-847c-6d32c266da89",
              "parentUUID": "ad43fdef-de60-4101-b49a-d343833cb24f",
              "isHook": false,
              "skipped": false
            },
            {
              "title": "as visual_user with secret_sauce I should be able to login ",
              "fullTitle": "Login Page Test as visual_user with secret_sauce I should be able to login ",
              "timedOut": null,
              "duration": 797,
              "state": "passed",
              "speed": "fast",
              "pass": true,
              "fail": false,
              "pending": false,
              "context": null,
              "code": "loginSteps.logIn(user, password);\nproductSteps.getProductLabel()\n    .should('be.visible')\n    .and('have.text', 'Products');",
              "err": {},
              "uuid": "ab7b1af5-c46d-4b5b-977d-270edf656dd5",
              "parentUUID": "ad43fdef-de60-4101-b49a-d343833cb24f",
              "isHook": false,
              "skipped": false
            }
          ],
          "suites": [],
          "passes": [
            "60b01d34-0f69-407d-949c-0b9069911f0c",
            "389eb289-8fdd-4d1f-ad48-3a3f975542f8",
            "97523d9e-ed58-41ed-99b3-4184572489b5",
            "97b9c9f1-b7b2-4adc-8618-40b2f28461c6",
            "c2d2218d-d03e-4aa4-847c-6d32c266da89",
            "ab7b1af5-c46d-4b5b-977d-270edf656dd5"
          ],
          "failures": [],
          "pending": [],
          "skipped": [],
          "duration": 9983,
          "root": false,
          "rootEmpty": false,
          "_timeout": 2000
        }
      ],
      "passes": [],
      "failures": [],
      "pending": [],
      "skipped": [],
      "duration": 0,
      "root": true,
      "rootEmpty": true,
      "_timeout": 2000
    }
  ],
  "meta": {
    "mocha": {
      "version": "7.0.1"
    },
    "mochawesome": {
      "options": {
        "quiet": false,
        "reportFilename": "mochawesome",
        "saveHtml": false,
        "saveJson": true,
        "consoleReporter": "spec",
        "useInlineDiffs": false,
        "code": true
      },
      "version": "7.1.3"
    },
    "marge": {
      "options": {
        "overwrite": false,
        "html": false,
        "json": true
      },
      "version": "6.2.0"
    }
  }
}