{
  "stats": {
    "suites": 1,
    "tests": 1,
    "passes": 1,
    "pending": 0,
    "failures": 0,
    "start": "2024-08-05T03:25:57.355Z",
    "end": "2024-08-05T03:26:07.078Z",
    "duration": 9723,
    "testsRegistered": 1,
    "passPercent": 100,
    "pendingPercent": 0,
    "other": 0,
    "hasOther": false,
    "skipped": 0,
    "hasSkipped": false
  },
  "results": [
    {
      "uuid": "c8f16f6a-55d2-4b33-a7de-a9234ce5b7b7",
      "title": "",
      "fullFile": "cypress/e2e/buySomeProducts.spec.ts",
      "file": "cypress/e2e/buySomeProducts.spec.ts",
      "beforeHooks": [],
      "afterHooks": [],
      "tests": [],
      "suites": [
        {
          "uuid": "f7bd8862-9fb6-4084-9828-c41346926f69",
          "title": "e2e buy some products",
          "fullFile": "",
          "file": "",
          "beforeHooks": [],
          "afterHooks": [],
          "tests": [
            {
              "title": "I should be able to buy some products ",
              "fullTitle": "e2e buy some products I should be able to buy some products ",
              "timedOut": null,
              "duration": 8182,
              "state": "passed",
              "speed": "medium",
              "pass": true,
              "fail": false,
              "pending": false,
              "context": null,
              "code": "login.logIn('standard_user', 'secret_sauce');\nproduct.getProductLabel()\n    .should('be.visible')\n    .and('have.text', 'Products');\nproduct.getProducts().should('have.length', 6);\nproduct.addProductsToCart(['Sauce Labs Backpack', 'Sauce Labs Bolt T-Shirt', 'Sauce Labs Onesie']);\nproduct.getCartCount().should('have.text', '3');\nproduct.clickOnCart();\ncart.getCartTitle().should('have.text', 'Your Cart');\ncart.removeItem('Sauce Labs Onesie');\ncart.getCartItems().should('have.length', 2);\ncart.clickOnCheckout();\ncheckout.getCheckoutTitle().should('have.text', 'Checkout: Your Information');\ncheckout.fillsCheckout('user-name', 'user-last-name', '9999');\ncheckout.clickOnFinishButton();\ncheckout.getCheckoutMessage().should('have.text', 'Thank you for your order!');",
              "err": {},
              "uuid": "8e116cc9-2c80-4d12-93f4-940737a429ee",
              "parentUUID": "f7bd8862-9fb6-4084-9828-c41346926f69",
              "isHook": false,
              "skipped": false
            }
          ],
          "suites": [],
          "passes": [
            "8e116cc9-2c80-4d12-93f4-940737a429ee"
          ],
          "failures": [],
          "pending": [],
          "skipped": [],
          "duration": 8182,
          "root": false,
          "rootEmpty": false,
          "_timeout": 2000
        }
      ],
      "passes": [],
      "failures": [],
      "pending": [],
      "skipped": [],
      "duration": 0,
      "root": true,
      "rootEmpty": true,
      "_timeout": 2000
    }
  ],
  "meta": {
    "mocha": {
      "version": "7.0.1"
    },
    "mochawesome": {
      "options": {
        "quiet": false,
        "reportFilename": "mochawesome",
        "saveHtml": false,
        "saveJson": true,
        "consoleReporter": "spec",
        "useInlineDiffs": false,
        "code": true
      },
      "version": "7.1.3"
    },
    "marge": {
      "options": {
        "overwrite": false,
        "html": false,
        "json": true
      },
      "version": "6.2.0"
    }
  }
}